Build started 12/7/2015 10:59:20 PM.
     1>Project "E:\Facultate\AN IV\SEM I\PRS\Project\RSDR\RSDR\RSDR.vcxproj" on node 2 (Build target(s)).
     1>Link:
         C:\Program Files (x86)\Microsoft Visual Studio 14.0\VC\bin\link.exe /ERRORREPORT:PROMPT /OUT:"E:\Facultate\AN IV\SEM I\PRS\Project\RSDR\Release\RSDR.exe" /INCREMENTAL:NO /NOLOGO /LIBPATH:"C:\Program Files\opencv\build\x64\vc12\..\..\x86\vc12\lib" opencv_core300.lib opencv_imgproc300.lib opencv_highgui300.lib opencv_ml300.lib opencv_video300.lib kernel32.lib user32.lib gdi32.lib winspool.lib comdlg32.lib advapi32.lib shell32.lib ole32.lib oleaut32.lib uuid.lib odbc32.lib odbccp32.lib /MANIFEST /MANIFESTUAC:"level='asInvoker' uiAccess='false'" /manifest:embed /Debug /PDB:"E:\Facultate\AN IV\SEM I\PRS\Project\RSDR\Release\RSDR.pdb" /SUBSYSTEM:CONSOLE /OPT:REF /OPT:ICF /LTCG:incremental /TLBID:1 /DYNAMICBASE /NXCOMPAT /IMPLIB:"E:\Facultate\AN IV\SEM I\PRS\Project\RSDR\Release\RSDR.lib" /MACHINE:X86 /SAFESEH Release\Source.obj
     1>LINK : fatal error LNK1181: cannot open input file 'opencv_core300.lib'
     1>Done Building Project "E:\Facultate\AN IV\SEM I\PRS\Project\RSDR\RSDR\RSDR.vcxproj" (Build target(s)) -- FAILED.

Build FAILED.

Time Elapsed 00:00:00.19
